[debug] [2018-07-05T17:46:23.565Z] ----------------------------------------------------------------------
[debug] [2018-07-05T17:46:23.565Z] Command:       C:\Program Files\nodejs\node.exe C:\Users\Callistus\AppData\Roaming\npm\node_modules\firebase-tools\bin\firebase deploy
[debug] [2018-07-05T17:46:23.565Z] CLI Version:   3.15.3
[debug] [2018-07-05T17:46:23.565Z] Platform:      win32
[debug] [2018-07-05T17:46:23.565Z] Node Version:  v8.9.1
[debug] [2018-07-05T17:46:23.565Z] Time:          Fri Jul 06 2018 03:46:23 GMT+1000 (AUS Eastern Standard Time)
[debug] [2018-07-05T17:46:23.565Z] ----------------------------------------------------------------------
[debug] 
[debug] [2018-07-05T17:46:23.585Z] > command requires scopes: ["email","openid","https://www.googleapis.com/auth/cloudplatformprojects.readonly","https://www.googleapis.com/auth/firebase","https://www.googleapis.com/auth/cloud-platform"]
[debug] [2018-07-05T17:46:23.585Z] > authorizing via signed-in user
[debug] [2018-07-05T17:46:23.585Z] > refreshing access token with scopes: ["email","https://www.googleapis.com/auth/cloud-platform","https://www.googleapis.com/auth/cloudplatformprojects.readonly","https://www.googleapis.com/auth/firebase","openid"]
[debug] [2018-07-05T17:46:23.585Z] >>> HTTP REQUEST POST https://www.googleapis.com/oauth2/v3/token { refresh_token: '1/SJJivljMI059_3X43kZTbgIewH8ylbHaILyOtS8gbL8',
  client_id: '563584335869-fgrhgmd47bqnekij5i8b5pr03ho849e6.apps.googleusercontent.com',
  client_secret: 'j9iVZfS8kkCEFUPaAeJV0sAi',
  grant_type: 'refresh_token',
  scope: 'email https://www.googleapis.com/auth/cloud-platform https://www.googleapis.com/auth/cloudplatformprojects.readonly https://www.googleapis.com/auth/firebase openid' } 
 Fri Jul 06 2018 03:46:23 GMT+1000 (AUS Eastern Standard Time)
[debug] [2018-07-05T17:46:24.088Z] <<< HTTP RESPONSE 200
[debug] [2018-07-05T17:46:24.118Z] >>> HTTP REQUEST GET https://admin.firebase.com/v1/projects/origin-grid  
 Fri Jul 06 2018 03:46:24 GMT+1000 (AUS Eastern Standard Time)
[debug] [2018-07-05T17:46:25.417Z] <<< HTTP RESPONSE 200
[debug] [2018-07-05T17:46:25.417Z] >>> HTTP REQUEST GET https://admin.firebase.com/v1/database/origin-grid/tokens  
 Fri Jul 06 2018 03:46:25 GMT+1000 (AUS Eastern Standard Time)
